Copyright 1986-2019 Xilinx, Inc. All Rights Reserved.
------------------------------------------------------------------------------------
| Tool Version : Vivado v.2019.1 (win64) Build 2552052 Fri May 24 14:49:42 MDT 2019
| Date         : Wed Oct 28 14:42:03 2020
| Host         : DESKTOP-EC9A3K0 running 64-bit major release  (build 9200)
| Command      : upgrade_ip
| Device       : xc7z030sbg485-1
------------------------------------------------------------------------------------

Upgrade Log for IP 'design_1_emu_sm_0_0'

1. Summary
----------

SUCCESS in the upgrade of design_1_emu_sm_0_0 from PESC_NTNU:SysGen:emu_sm:7.00 (Rev. 234795587) to PESC_NTNU:SysGen:emu_sm:7.01 (Rev. 234801643)






Copyright 1986-2019 Xilinx, Inc. All Rights Reserved.
------------------------------------------------------------------------------------
| Tool Version : Vivado v.2019.1 (win64) Build 2552052 Fri May 24 14:49:42 MDT 2019
| Date         : Wed Oct 28 13:00:50 2020
| Host         : DESKTOP-EC9A3K0 running 64-bit major release  (build 9200)
| Command      : upgrade_ip
| Device       : xc7z030sbg485-1
------------------------------------------------------------------------------------

Upgrade Log for IP 'design_1_emu_sm_0_0'

1. Summary
----------

CAUTION (success, with warnings) in the upgrade of design_1_emu_sm_0_0 from PESC_NTNU:SysGen:emu_sm:2.12 (Rev. 234555061) to PESC_NTNU:SysGen:emu_sm:7.00 (Rev. 234795587)

After upgrade, an IP may have parameter and port differences compared to the original customization. Please review the parameters within the IP customization GUI to ensure proper functionality. Also, please review the updated IP instantiation template to ensure proper connectivity, and update your design if required.

2. Connection Warnings
----------------------

Detected external port differences while upgrading 'design_1_emu_sm_0_0'. These changes may impact your design.


-Upgraded port order differs after port 'csv_out'







Copyright 1986-2019 Xilinx, Inc. All Rights Reserved.
------------------------------------------------------------------------------------
| Tool Version : Vivado v.2019.1 (win64) Build 2552052 Fri May 24 14:49:42 MDT 2019
| Date         : Sun Oct 25 18:12:59 2020
| Host         : NTNU13875 running 64-bit major release  (build 9200)
| Command      : upgrade_ip
| Device       : xc7z030sbg485-1
------------------------------------------------------------------------------------

Upgrade Log for IP 'design_1_emu_sm_0_0'

1. Summary
----------

SUCCESS in the upgrade of design_1_emu_sm_0_0 from PESC_NTNU:SysGen:emu_sm:2.11 (Rev. 234553474) to PESC_NTNU:SysGen:emu_sm:2.12 (Rev. 234555061)






Copyright 1986-2019 Xilinx, Inc. All Rights Reserved.
------------------------------------------------------------------------------------
| Tool Version : Vivado v.2019.1 (win64) Build 2552052 Fri May 24 14:49:42 MDT 2019
| Date         : Sun Oct 25 17:46:52 2020
| Host         : NTNU13875 running 64-bit major release  (build 9200)
| Command      : upgrade_ip
| Device       : xc7z030sbg485-1
------------------------------------------------------------------------------------

Upgrade Log for IP 'design_1_emu_sm_0_0'

1. Summary
----------

SUCCESS in the upgrade of design_1_emu_sm_0_0 from PESC_NTNU:SysGen:emu_sm:2.10 (Rev. 234549920) to PESC_NTNU:SysGen:emu_sm:2.11 (Rev. 234553474)






Copyright 1986-2019 Xilinx, Inc. All Rights Reserved.
------------------------------------------------------------------------------------
| Tool Version : Vivado v.2019.1 (win64) Build 2552052 Fri May 24 14:49:42 MDT 2019
| Date         : Sun Oct 25 16:46:53 2020
| Host         : NTNU13875 running 64-bit major release  (build 9200)
| Command      : upgrade_ip
| Device       : xc7z030sbg485-1
------------------------------------------------------------------------------------

Upgrade Log for IP 'design_1_emu_sm_0_0'

1. Summary
----------

SUCCESS in the upgrade of design_1_emu_sm_0_0 from PESC_NTNU:SysGen:emu_sm:2.08 (Rev. 234547494) to PESC_NTNU:SysGen:emu_sm:2.10 (Rev. 234549920)






Copyright 1986-2019 Xilinx, Inc. All Rights Reserved.
------------------------------------------------------------------------------------
| Tool Version : Vivado v.2019.1 (win64) Build 2552052 Fri May 24 14:49:42 MDT 2019
| Date         : Sun Oct 25 16:06:56 2020
| Host         : NTNU13875 running 64-bit major release  (build 9200)
| Command      : upgrade_ip
| Device       : xc7z030sbg485-1
------------------------------------------------------------------------------------

Upgrade Log for IP 'design_1_emu_sm_0_0'

1. Summary
----------

CAUTION (success, with warnings) in the upgrade of design_1_emu_sm_0_0 from PESC_NTNU:SysGen:emu_sm:2.07 (Rev. 234537893) to PESC_NTNU:SysGen:emu_sm:2.08 (Rev. 234547494)

After upgrade, an IP may have parameter and port differences compared to the original customization. Please review the parameters within the IP customization GUI to ensure proper functionality. Also, please review the updated IP instantiation template to ensure proper connectivity, and update your design if required.

2. Interface Information
------------------------

Detected external interface differences while upgrading 'design_1_emu_sm_0_0'.


-Upgrade has removed interface 'theta_dac'

-Upgrade has added interface 'theta_el_dac' (xilinx.com:signal:data:1.0)

-Upgrade has added interface 'theta_mech_dac' (xilinx.com:signal:data:1.0)


3. Connection Warnings
----------------------

Detected external port differences while upgrading 'design_1_emu_sm_0_0'. These changes may impact your design.


-Upgrade has removed port 'theta_dac'

-Upgrade has added port 'theta_el_dac'

-Upgrade has added port 'theta_mech_dac'







Copyright 1986-2019 Xilinx, Inc. All Rights Reserved.
------------------------------------------------------------------------------------
| Tool Version : Vivado v.2019.1 (win64) Build 2552052 Fri May 24 14:49:42 MDT 2019
| Date         : Sun Oct 25 13:25:57 2020
| Host         : NTNU13875 running 64-bit major release  (build 9200)
| Command      : upgrade_ip
| Device       : xc7z030sbg485-1
------------------------------------------------------------------------------------

Upgrade Log for IP 'design_1_emu_sm_0_0'

1. Summary
----------

SUCCESS in the upgrade of design_1_emu_sm_0_0 from PESC_NTNU:SysGen:emu_sm:2.05 (Rev. 234474701) to PESC_NTNU:SysGen:emu_sm:2.07 (Rev. 234537893)






Copyright 1986-2019 Xilinx, Inc. All Rights Reserved.
------------------------------------------------------------------------------------
| Tool Version : Vivado v.2019.1 (win64) Build 2552052 Fri May 24 14:49:42 MDT 2019
| Date         : Sat Oct 24 19:54:21 2020
| Host         : NTNU13875 running 64-bit major release  (build 9200)
| Command      : upgrade_ip
| Device       : xc7z030sbg485-1
------------------------------------------------------------------------------------

Upgrade Log for IP 'design_1_emu_sm_0_0'

1. Summary
----------

SUCCESS in the upgrade of design_1_emu_sm_0_0 from PESC_NTNU:SysGen:emu_sm:2.04 (Rev. 234467779) to PESC_NTNU:SysGen:emu_sm:2.05 (Rev. 234474701)






Copyright 1986-2019 Xilinx, Inc. All Rights Reserved.
------------------------------------------------------------------------------------
| Tool Version : Vivado v.2019.1 (win64) Build 2552052 Fri May 24 14:49:42 MDT 2019
| Date         : Sat Oct 24 17:57:47 2020
| Host         : NTNU13875 running 64-bit major release  (build 9200)
| Command      : upgrade_ip
| Device       : xc7z030sbg485-1
------------------------------------------------------------------------------------

Upgrade Log for IP 'design_1_emu_sm_0_0'

1. Summary
----------

SUCCESS in the upgrade of design_1_emu_sm_0_0 from PESC_NTNU:SysGen:emu_sm:2.03 (Rev. 234454705) to PESC_NTNU:SysGen:emu_sm:2.04 (Rev. 234467779)






Copyright 1986-2019 Xilinx, Inc. All Rights Reserved.
------------------------------------------------------------------------------------
| Tool Version : Vivado v.2019.1 (win64) Build 2552052 Fri May 24 14:49:42 MDT 2019
| Date         : Sat Oct 24 14:19:45 2020
| Host         : NTNU13875 running 64-bit major release  (build 9200)
| Command      : upgrade_ip
| Device       : xc7z030sbg485-1
------------------------------------------------------------------------------------

Upgrade Log for IP 'design_1_emu_sm_0_0'

1. Summary
----------

SUCCESS in the upgrade of design_1_emu_sm_0_0 from PESC_NTNU:SysGen:emu_sm:2.02 (Rev. 234448518) to PESC_NTNU:SysGen:emu_sm:2.03 (Rev. 234454705)






Copyright 1986-2019 Xilinx, Inc. All Rights Reserved.
------------------------------------------------------------------------------------
| Tool Version : Vivado v.2019.1 (win64) Build 2552052 Fri May 24 14:49:42 MDT 2019
| Date         : Sat Oct 24 12:38:40 2020
| Host         : NTNU13875 running 64-bit major release  (build 9200)
| Command      : upgrade_ip
| Device       : xc7z030sbg485-1
------------------------------------------------------------------------------------

Upgrade Log for IP 'design_1_emu_sm_0_0'

1. Summary
----------

SUCCESS in the upgrade of design_1_emu_sm_0_0 from PESC_NTNU:SysGen:emu_sm:2.01 (Rev. 234395816) to PESC_NTNU:SysGen:emu_sm:2.02 (Rev. 234448518)






Copyright 1986-2019 Xilinx, Inc. All Rights Reserved.
------------------------------------------------------------------------------------
| Tool Version : Vivado v.2019.1 (win64) Build 2552052 Fri May 24 14:49:42 MDT 2019
| Date         : Fri Oct 23 22:01:21 2020
| Host         : NTNU13875 running 64-bit major release  (build 9200)
| Command      : upgrade_ip
| Device       : xc7z030sbg485-1
------------------------------------------------------------------------------------

Upgrade Log for IP 'design_1_emu_sm_0_0'

1. Summary
----------

SUCCESS in the upgrade of design_1_emu_sm_0_0 from PESC_NTNU:SysGen:emu_sm:2.00 (Rev. 234275804) to PESC_NTNU:SysGen:emu_sm:2.01 (Rev. 234395816)






Copyright 1986-2019 Xilinx, Inc. All Rights Reserved.
------------------------------------------------------------------------------------
| Tool Version : Vivado v.2019.1 (win64) Build 2552052 Fri May 24 14:49:42 MDT 2019
| Date         : Thu Oct 22 12:39:18 2020
| Host         : NTNU13875 running 64-bit major release  (build 9200)
| Command      : upgrade_ip
| Device       : xc7z030sbg485-1
------------------------------------------------------------------------------------

Upgrade Log for IP 'design_1_emu_sm_0_0'

1. Summary
----------

CAUTION (success, with warnings) in the upgrade of design_1_emu_sm_0_0 from PESC_NTNU:SysGen:emu_sm:1.06 (Rev. 234012865) to PESC_NTNU:SysGen:emu_sm:2.00 (Rev. 234275804)

After upgrade, an IP may have parameter and port differences compared to the original customization. Please review the parameters within the IP customization GUI to ensure proper functionality. Also, please review the updated IP instantiation template to ensure proper connectivity, and update your design if required.

2. Interface Information
------------------------

Detected external interface differences while upgrading 'design_1_emu_sm_0_0'.


-Upgrade has removed interface 'theta_el_dac'

-Upgrade has removed interface 'theta_mech_dac'

-Upgrade has added interface 'theta_dac' (xilinx.com:signal:data:1.0)


3. Connection Warnings
----------------------

Detected external port differences while upgrading 'design_1_emu_sm_0_0'. These changes may impact your design.


-Upgrade has removed port 'theta_el_dac'

-Upgrade has removed port 'theta_mech_dac'

-Upgrade has added port 'theta_dac'







Copyright 1986-2019 Xilinx, Inc. All Rights Reserved.
------------------------------------------------------------------------------------
| Tool Version : Vivado v.2019.1 (win64) Build 2552052 Fri May 24 14:49:42 MDT 2019
| Date         : Mon Oct 19 11:44:37 2020
| Host         : NTNU13875 running 64-bit major release  (build 9200)
| Command      : upgrade_ip
| Device       : xc7z030sbg485-1
------------------------------------------------------------------------------------

Upgrade Log for IP 'design_1_emu_sm_0_0'

1. Summary
----------

CAUTION (success, with warnings) in the upgrade of design_1_emu_sm_0_0 from PESC_NTNU:SysGen:emu_sm:1.05 (Rev. 234010142) to PESC_NTNU:SysGen:emu_sm:1.06 (Rev. 234012865)

After upgrade, an IP may have parameter and port differences compared to the original customization. Please review the parameters within the IP customization GUI to ensure proper functionality. Also, please review the updated IP instantiation template to ensure proper connectivity, and update your design if required.

2. Connection Warnings
----------------------

Detected external port differences while upgrading 'design_1_emu_sm_0_0'. These changes may impact your design.


-Upgraded port order differs after port 'theta_el_dac'







Copyright 1986-2019 Xilinx, Inc. All Rights Reserved.
------------------------------------------------------------------------------------
| Tool Version : Vivado v.2019.1 (win64) Build 2552052 Fri May 24 14:49:42 MDT 2019
| Date         : Mon Oct 19 10:53:06 2020
| Host         : NTNU13875 running 64-bit major release  (build 9200)
| Command      : upgrade_ip
| Device       : xc7z030sbg485-1
------------------------------------------------------------------------------------

Upgrade Log for IP 'design_1_emu_sm_0_0'

1. Summary
----------

CAUTION (success, with warnings) in the upgrade of design_1_emu_sm_0_0 from PESC_NTNU:SysGen:emu_sm:1.04 (Rev. 232285847) to PESC_NTNU:SysGen:emu_sm:1.05 (Rev. 234010142)

After upgrade, an IP may have parameter and port differences compared to the original customization. Please review the parameters within the IP customization GUI to ensure proper functionality. Also, please review the updated IP instantiation template to ensure proper connectivity, and update your design if required.

2. Interface Information
------------------------

Detected external interface differences while upgrading 'design_1_emu_sm_0_0'.


-Upgrade has removed interface 'theta_dac'

-Upgrade has added interface 'theta_el_dac' (xilinx.com:signal:data:1.0)

-Upgrade has added interface 'theta_mech_dac' (xilinx.com:signal:data:1.0)


3. Connection Warnings
----------------------

Detected external port differences while upgrading 'design_1_emu_sm_0_0'. These changes may impact your design.


-Upgrade has removed port 'theta_dac'

-Upgrade has added port 'theta_el_dac'

-Upgrade has added port 'theta_mech_dac'







Copyright 1986-2019 Xilinx, Inc. All Rights Reserved.
------------------------------------------------------------------------------------
| Tool Version : Vivado v.2019.1 (win64) Build 2552052 Fri May 24 14:49:42 MDT 2019
| Date         : Tue Sep 29 11:53:38 2020
| Host         : NTNU13875 running 64-bit major release  (build 9200)
| Command      : upgrade_ip
| Device       : xc7z030sbg485-1
------------------------------------------------------------------------------------

Upgrade Log for IP 'design_1_emu_sm_0_0'

1. Summary
----------

SUCCESS in the upgrade of design_1_emu_sm_0_0 from PESC_NTNU:SysGen:emu_sm:1.03 (Rev. 230475097) to PESC_NTNU:SysGen:emu_sm:1.04 (Rev. 232285847)






Copyright 1986-2019 Xilinx, Inc. All Rights Reserved.
------------------------------------------------------------------------------------
| Tool Version : Vivado v.2019.1 (win64) Build 2552052 Fri May 24 14:49:42 MDT 2019
| Date         : Tue Sep  8 12:56:08 2020
| Host         : NTNU13875 running 64-bit major release  (build 9200)
| Command      : upgrade_ip
| Device       : xc7z030sbg485-1
------------------------------------------------------------------------------------

Upgrade Log for IP 'design_1_emu_sm_0_0'

1. Summary
----------

CAUTION (success, with warnings) in the upgrade of design_1_emu_sm_0_0 from PESC_NTNU:SysGen:emu_sm:1.02 (Rev. 230402616) to PESC_NTNU:SysGen:emu_sm:1.03 (Rev. 230475097)

After upgrade, an IP may have parameter and port differences compared to the original customization. Please review the parameters within the IP customization GUI to ensure proper functionality. Also, please review the updated IP instantiation template to ensure proper connectivity, and update your design if required.

2. Connection Warnings
----------------------

Detected external port differences while upgrading 'design_1_emu_sm_0_0'. These changes may impact your design.


-Upgraded port order differs after port 'id_dac'







Copyright 1986-2019 Xilinx, Inc. All Rights Reserved.
------------------------------------------------------------------------------------
| Tool Version : Vivado v.2019.1 (win64) Build 2552052 Fri May 24 14:49:42 MDT 2019
| Date         : Mon Sep  7 16:44:52 2020
| Host         : NTNU13875 running 64-bit major release  (build 9200)
| Command      : upgrade_ip
| Device       : xc7z030sbg485-1
------------------------------------------------------------------------------------

Upgrade Log for IP 'design_1_emu_sm_0_0'

1. Summary
----------

CAUTION (success, with warnings) in the upgrade of design_1_emu_sm_0_0 from PESC_NTNU:SysGen:emu_sm:1.01 (Rev. 230399867) to PESC_NTNU:SysGen:emu_sm:1.02 (Rev. 230402616)

After upgrade, an IP may have parameter and port differences compared to the original customization. Please review the parameters within the IP customization GUI to ensure proper functionality. Also, please review the updated IP instantiation template to ensure proper connectivity, and update your design if required.

2. Connection Warnings
----------------------

Detected external port differences while upgrading 'design_1_emu_sm_0_0'. These changes may impact your design.


-Upgraded port order differs after port 'pu_speed_dac'







Copyright 1986-2019 Xilinx, Inc. All Rights Reserved.
------------------------------------------------------------------------------------
| Tool Version : Vivado v.2019.1 (win64) Build 2552052 Fri May 24 14:49:42 MDT 2019
| Date         : Mon Sep  7 15:58:36 2020
| Host         : NTNU13875 running 64-bit major release  (build 9200)
| Command      : upgrade_ip
| Device       : xc7z030sbg485-1
------------------------------------------------------------------------------------

Upgrade Log for IP 'design_1_emu_sm_0_0'

1. Summary
----------

SUCCESS in the upgrade of design_1_emu_sm_0_0 from PESC_NTNU:SysGen:emu_sm:1.00 (Rev. 230399297) to PESC_NTNU:SysGen:emu_sm:1.01 (Rev. 230399867)

